<?xml version="1.0" encoding="UTF-8"?>
<!-- Generated by org.testng.reporters.JUnitReportReporter -->
<testsuite hostname="DESKTOP-PFG45I3" failures="0" tests="1" name="testCases.TC001_AccountRegistrationTest" time="2.956" errors="0" timestamp="2025-02-16T10:31:01 IST" skipped="0">
  <testcase classname="testCases.TC001_AccountRegistrationTest" name="verify_account_registeration" time="2.956"/>
</testsuite> <!-- testCases.TC001_AccountRegistrationTest -->
